# JRE version: OpenJDK Runtime Environment (11.0.12+7) (build 11.0.12+7-b1504.28-7817840)
# Java VM: OpenJDK 64-Bit Server VM (11.0.12+7-b1504.28-7817840, mixed mode, tiered, compressed oops, g1 gc, windows-amd64)
Heap:
 garbage-first heap   total 392192K, used 170933K [0x0000000080000000, 0x0000000100000000)
  region size 1024K, 32 young (32768K), 6 survivors (6144K)
 Metaspace       used 103914K, capacity 106589K, committed 106616K, reserved 1140736K
  class space    used 13499K, capacity 14514K, committed 14540K, reserved 1048576K
GC Heap History (20 events):
Event: 180.018 GC heap before
{Heap before GC invocations=53 (full 0):
 garbage-first heap   total 157696K, used 144942K [0x0000000080000000, 0x0000000100000000)
  region size 1024K, 7 young (7168K), 1 survivors (1024K)
 Metaspace       used 100742K, capacity 103123K, committed 103288K, reserved 1138688K
  class space    used 13139K, capacity 14013K, committed 14028K, reserved 1048576K
}
Event: 180.027 GC heap after
{Heap after GC invocations=54 (full 0):
 garbage-first heap   total 157696K, used 140270K [0x0000000080000000, 0x0000000100000000)
  region size 1024K, 1 young (1024K), 1 survivors (1024K)
 Metaspace       used 100742K, capacity 103123K, committed 103288K, reserved 1138688K
  class space    used 13139K, capacity 14013K, committed 14028K, reserved 1048576K
}
Event: 180.233 GC heap before
{Heap before GC invocations=54 (full 0):
 garbage-first heap   total 157696K, used 145390K [0x0000000080000000, 0x0000000100000000)
  region size 1024K, 7 young (7168K), 1 survivors (1024K)
 Metaspace       used 101017K, capacity 103468K, committed 103672K, reserved 1138688K
  class space    used 13173K, capacity 14082K, committed 14156K, reserved 1048576K
}
Event: 180.245 GC heap after
{Heap after GC invocations=55 (full 0):
 garbage-first heap   total 189440K, used 141403K [0x0000000080000000, 0x0000000100000000)
  region size 1024K, 1 young (1024K), 1 survivors (1024K)
 Metaspace       used 101017K, capacity 103468K, committed 103672K, reserved 1138688K
  class space    used 13173K, capacity 14082K, committed 14156K, reserved 1048576K
}
Event: 180.485 GC heap before
{Heap before GC invocations=56 (full 0):
 garbage-first heap   total 189440K, used 147547K [0x0000000080000000, 0x0000000100000000)
  region size 1024K, 12 young (12288K), 1 survivors (1024K)
 Metaspace       used 101482K, capacity 104055K, committed 104312K, reserved 1138688K
  class space    used 13254K, capacity 14192K, committed 14284K, reserved 1048576K
}
Event: 180.495 GC heap after
{Heap after GC invocations=57 (full 0):
 garbage-first heap   total 189440K, used 137040K [0x0000000080000000, 0x0000000100000000)
  region size 1024K, 2 young (2048K), 2 survivors (2048K)
 Metaspace       used 101482K, capacity 104055K, committed 104312K, reserved 1138688K
  class space    used 13254K, capacity 14192K, committed 14284K, reserved 1048576K
}
Event: 180.575 GC heap before
{Heap before GC invocations=57 (full 0):
 garbage-first heap   total 189440K, used 144208K [0x0000000080000000, 0x0000000100000000)
  region size 1024K, 9 young (9216K), 2 survivors (2048K)
 Metaspace       used 101670K, capacity 104227K, committed 104312K, reserved 1138688K
  class space    used 13283K, capacity 14248K, committed 14284K, reserved 1048576K
}
Event: 180.587 GC heap after
{Heap after GC invocations=58 (full 0):
 garbage-first heap   total 189440K, used 134005K [0x0000000080000000, 0x0000000100000000)
  region size 1024K, 2 young (2048K), 2 survivors (2048K)
 Metaspace       used 101670K, capacity 104227K, committed 104312K, reserved 1138688K
  class space    used 13283K, capacity 14248K, committed 14284K, reserved 1048576K
}
Event: 180.841 GC heap before
{Heap before GC invocations=58 (full 0):
 garbage-first heap   total 189440K, used 149365K [0x0000000080000000, 0x0000000100000000)
  region size 1024K, 17 young (17408K), 2 survivors (2048K)
 Metaspace       used 102058K, capacity 104667K, committed 104824K, reserved 1140736K
  class space    used 13324K, capacity 14283K, committed 14284K, reserved 1048576K
}
Event: 180.851 GC heap after
{Heap after GC invocations=59 (full 0):
 garbage-first heap   total 189440K, used 135387K [0x0000000080000000, 0x0000000100000000)
  region size 1024K, 3 young (3072K), 3 survivors (3072K)
 Metaspace       used 102058K, capacity 104667K, committed 104824K, reserved 1140736K
  class space    used 13324K, capacity 14283K, committed 14284K, reserved 1048576K
}
Event: 181.032 GC heap before
{Heap before GC invocations=59 (full 0):
 garbage-first heap   total 189440K, used 151771K [0x0000000080000000, 0x0000000100000000)
  region size 1024K, 18 young (18432K), 3 survivors (3072K)
 Metaspace       used 102076K, capacity 104668K, committed 104824K, reserved 1140736K
  class space    used 13324K, capacity 14283K, committed 14284K, reserved 1048576K
}
Event: 181.047 GC heap after
{Heap after GC invocations=60 (full 0):
 garbage-first heap   total 289792K, used 138173K [0x0000000080000000, 0x0000000100000000)
  region size 1024K, 2 young (2048K), 2 survivors (2048K)
 Metaspace       used 102076K, capacity 104668K, committed 104824K, reserved 1140736K
  class space    used 13324K, capacity 14283K, committed 14284K, reserved 1048576K
}
Event: 182.142 GC heap before
{Heap before GC invocations=61 (full 0):
 garbage-first heap   total 289792K, used 185277K [0x0000000080000000, 0x0000000100000000)
  region size 1024K, 47 young (48128K), 2 survivors (2048K)
 Metaspace       used 102386K, capacity 105034K, committed 105208K, reserved 1140736K
  class space    used 13334K, capacity 14295K, committed 14412K, reserved 1048576K
}
Event: 182.160 GC heap after
{Heap after GC invocations=62 (full 0):
 garbage-first heap   total 289792K, used 144323K [0x0000000080000000, 0x0000000100000000)
  region size 1024K, 6 young (6144K), 6 survivors (6144K)
 Metaspace       used 102386K, capacity 105034K, committed 105208K, reserved 1140736K
  class space    used 13334K, capacity 14295K, committed 14412K, reserved 1048576K
}
Event: 182.713 GC heap before
{Heap before GC invocations=62 (full 0):
 garbage-first heap   total 289792K, used 180163K [0x0000000080000000, 0x0000000100000000)
  region size 1024K, 41 young (41984K), 6 survivors (6144K)
 Metaspace       used 102514K, capacity 105126K, committed 105464K, reserved 1140736K
  class space    used 13350K, capacity 14302K, committed 14412K, reserved 1048576K
}
Event: 182.732 GC heap after
{Heap after GC invocations=63 (full 0):
 garbage-first heap   total 289792K, used 152857K [0x0000000080000000, 0x0000000100000000)
  region size 1024K, 7 young (7168K), 7 survivors (7168K)
 Metaspace       used 102514K, capacity 105126K, committed 105464K, reserved 1140736K
  class space    used 13350K, capacity 14302K, committed 14412K, reserved 1048576K
}
Event: 183.222 GC heap before
{Heap before GC invocations=64 (full 0):
 garbage-first heap   total 289792K, used 209177K [0x0000000080000000, 0x0000000100000000)
  region size 1024K, 55 young (56320K), 7 survivors (7168K)
 Metaspace       used 102670K, capacity 105299K, committed 105464K, reserved 1140736K
  class space    used 13355K, capacity 14338K, committed 14412K, reserved 1048576K
}
Event: 183.233 GC heap after
{Heap after GC invocations=65 (full 0):
 garbage-first heap   total 289792K, used 161510K [0x0000000080000000, 0x0000000100000000)
  region size 1024K, 2 young (2048K), 2 survivors (2048K)
 Metaspace       used 102670K, capacity 105299K, committed 105464K, reserved 1140736K
  class space    used 13355K, capacity 14338K, committed 14412K, reserved 1048576K
}
Event: 236.897 GC heap before
{Heap before GC invocations=65 (full 0):
 garbage-first heap   total 289792K, used 210662K [0x0000000080000000, 0x0000000100000000)
  region size 1024K, 51 young (52224K), 2 survivors (2048K)
 Metaspace       used 103344K, capacity 106079K, committed 106360K, reserved 1140736K
  class space    used 13426K, capacity 14454K, committed 14540K, reserved 1048576K
}
Event: 236.905 GC heap after
{Heap after GC invocations=66 (full 0):
 garbage-first heap   total 392192K, used 159849K [0x0000000080000000, 0x0000000100000000)
  region size 1024K, 6 young (6144K), 6 survivors (6144K)
 Metaspace       used 103344K, capacity 106079K, committed 106360K, reserved 1140736K
  class space    used 13426K, capacity 14454K, committed 14540K, reserved 1048576K
}

